<?xml version="1.0" encoding="UTF-8"?>
<!-- Generated by org.testng.reporters.JUnitReportReporter -->
<testsuite hostname="DESKTOP-E6MR63C" failures="0" tests="1" name="API_Start.post_Request" time="1.531" errors="0" timestamp="2021-05-08T22:08:37 IST" skipped="0">
  <testcase classname="API_Start.post_Request" name="post" time="1.531"/>
  <system-out/>
</testsuite> <!-- API_Start.post_Request -->
