<?xml version="1.0" encoding="UTF-8"?>
<!-- Generated by org.testng.reporters.JUnitReportReporter -->
<testsuite hostname="DESKTOP-E6MR63C" failures="0" tests="1" name="API_Start.GET_Service_Test" time="0.011" errors="0" timestamp="2021-05-08T19:54:56 IST" skipped="0">
  <testcase classname="API_Start.GET_Service_Test" name="api_test" time="0.011"/>
  <system-out/>
</testsuite> <!-- API_Start.GET_Service_Test -->
