<?xml version="1.0" encoding="UTF-8"?>
<!-- Generated by org.testng.reporters.JUnitReportReporter -->
<testsuite hostname="DESKTOP-E6MR63C" failures="0" tests="1" name="API_Start.SoapUIRequest" time="2.963" errors="0" timestamp="2021-05-15T22:12:28 IST" skipped="0">
  <testcase classname="API_Start.SoapUIRequest" name="soapTest" time="2.963"/>
  <system-out/>
</testsuite> <!-- API_Start.SoapUIRequest -->
