<?xml version="1.0" encoding="UTF-8"?>
<!-- Generated by org.testng.reporters.JUnitReportReporter -->
<testsuite hostname="DESKTOP-E6MR63C" failures="0" tests="1" name="API_Start.getAndPost" time="1.580" errors="0" timestamp="2021-05-12T19:33:09 IST" skipped="0">
  <testcase classname="API_Start.getAndPost" name="putTest" time="1.580"/>
  <system-out/>
</testsuite> <!-- API_Start.getAndPost -->
