<?xml version="1.0" encoding="UTF-8"?>
<!-- Generated by org.testng.reporters.JUnitReportReporter -->
<testsuite hostname="DESKTOP-E6MR63C" failures="0" tests="1" name="API_Start.GET_Service_Traditional_Way" time="1.851" errors="0" timestamp="2021-05-08T20:06:08 IST" skipped="0">
  <testcase classname="API_Start.GET_Service_Traditional_Way" name="api_test" time="1.851"/>
  <system-out/>
</testsuite> <!-- API_Start.GET_Service_Traditional_Way -->
