<?xml version="1.0" encoding="UTF-8"?>
<!-- Generated by org.testng.reporters.JUnitReportReporter -->
<testsuite hostname="DESKTOP-E6MR63C" failures="0" tests="1" name="API_Start.post_Request_MyServer" time="1.535" errors="0" timestamp="2021-05-12T18:45:59 IST" skipped="0">
  <testcase classname="API_Start.post_Request_MyServer" name="post_data" time="1.535"/>
  <system-out/>
</testsuite> <!-- API_Start.post_Request_MyServer -->
