<?xml version="1.0" encoding="UTF-8"?>
<!-- Generated by org.testng.reporters.JUnitReportReporter -->
<testsuite hostname="DESKTOP-E6MR63C" failures="0" tests="1" name="practiceWork.SoapRequest" time="3.034" errors="0" timestamp="2021-05-16T14:31:25 IST" skipped="0">
  <testcase classname="practiceWork.SoapRequest" name="soap" time="3.034"/>
  <system-out/>
</testsuite> <!-- practiceWork.SoapRequest -->
