<?xml version="1.0" encoding="UTF-8"?>
<!-- Generated by org.testng.reporters.JUnitReportReporter -->
<testsuite hostname="DESKTOP-E6MR63C" failures="0" tests="1" name="API_Start.rough_work" time="2.667" errors="0" timestamp="2021-05-15T21:59:55 IST" skipped="0">
  <testcase classname="API_Start.rough_work" name="soapTEst" time="2.667"/>
  <system-out/>
</testsuite> <!-- API_Start.rough_work -->
